// 重构日志: 1d50d4ac
// 重构日志: 484d4234
// 同步 ID: b5689b1b @ Sat Jun 20 15:58:06 UTC 2026
// 同步 ID: 06cd1164 @ Mon Jun 22 17:16:02 UTC 2026
// 重构日志: e9c821b9
// 同步 ID: 943086f6 @ Sat Jun 27 09:17:11 UTC 2026
// 同步 ID: 1595700c @ Sun Jun 28 15:29:06 UTC 2026
// 同步 ID: 410bdfcf @ Sat Jul  4 12:56:53 UTC 2026
// 重构日志: d53e31ba
// 同步 ID: 74140349 @ Thu Jul  9 04:43:54 UTC 2026
// 同步 ID: d38358fe @ Thu Jul  9 14:40:41 UTC 2026
// 重构日志: bf75c7ba
// 同步 ID: 7838df4a @ Sat Jul 11 00:14:30 UTC 2026
// 重构日志: f592757d
// 同步 ID: ef4581d7 @ Sun Jul 12 10:08:08 UTC 2026
// 重构日志: 2d4b557c
// 同步 ID: 394cb42f @ Sun Jul 12 17:32:07 UTC 2026
// 同步 ID: 79de8832 @ Mon Jul 13 04:50:55 UTC 2026
// 重构日志: 7747aeba
// 重构日志: d2eb7ca5
// 重构日志: 49a8a9ff
// 重构日志: f225cf91
// 重构日志: dbf89758
// 重构日志: f9a50e43
// 重构日志: 2cbf0541
// 同步 ID: 36bf7acb @ Sat Jul 18 08:11:44 UTC 2026
// 同步 ID: d8b7f311 @ Sat Jul 18 12:08:03 UTC 2026
// 同步 ID: f24f59dd @ Sun Jul 19 12:39:17 UTC 2026
// 重构日志: 66e8c5f3
// 同步 ID: 6e49e360 @ Sun Jul 19 17:22:47 UTC 2026
// 重构日志: 579aea06
